2023-09-22T01:13:39.9971704+07:00 [INF] () Start add new car
2023-09-22T01:13:47.2158517+07:00 [INF] () Start add new car
2023-09-22T01:13:47.3680423+07:00 [INF] () {"Id":1,"Name":"string","Brand":"string","Price":2147483647.0,"ExpireDate":"2023-09-21T18:13:35.001Z","IsActive":false,"Email":"user@example.com","UserId":0,"User":{"Id":0,"Name":"string","IsActive":true}}
2023-09-22T01:14:07.8540060+07:00 [INF] () Start add new car
2023-09-22T01:14:07.8591594+07:00 [INF] () {"Id":1,"Name":"12312312","Brand":"131231231","Price":2147483647.0,"ExpireDate":"2023-09-21T18:13:35.001Z","IsActive":true,"Email":"user@example.com","UserId":0,"User":{"Id":0,"Name":"string","IsActive":true}}
2023-09-22T01:14:14.0946258+07:00 [INF] () Start add new car
2023-09-22T01:14:14.1005430+07:00 [INF] () {"Id":1,"Name":"12312312","Brand":"131231231","Price":2147483647.0,"ExpireDate":"2023-09-21T18:13:35.001Z","IsActive":true,"Email":"user@example.com","UserId":0,"User":{"Id":1,"Name":"string","IsActive":true}}
2023-09-22T01:14:18.9564008+07:00 [INF] () Start add new car
2023-09-22T01:14:18.9597275+07:00 [INF] () {"Id":1,"Name":"12312312","Brand":"131231231","Price":2147483647.0,"ExpireDate":"2023-09-21T18:13:35.001Z","IsActive":true,"Email":"user@example.com","UserId":0,"User":{"Id":2,"Name":"string","IsActive":true}}
2023-09-22T01:21:08.8123431+07:00 [INF] () Start add new car
2023-09-22T01:21:08.8450471+07:00 [INF] () {"Id":1,"Name":"12312312","Brand":"131231231","Price":2147483647.0,"ExpireDate":"2023-09-21T18:13:35.001Z","IsActive":true,"Email":"user@example.com","UserId":0,"User":{"Id":1,"Name":"string","IsActive":true}}
2023-09-22T01:21:15.0495490+07:00 [INF] () Start add new car
2023-09-22T01:21:15.0529869+07:00 [INF] () {"Id":1,"Name":"12312312","Brand":"131231231","Price":2147483647.0,"ExpireDate":"2023-09-21T18:13:35.001Z","IsActive":true,"Email":"user@example.com","UserId":0,"User":{"Id":1,"Name":"bibo","IsActive":true}}
2023-09-22T01:21:22.3728610+07:00 [INF] () Start add new car
2023-09-22T07:27:04.9622091+07:00 [INF] () Start add new car
2023-09-22T07:27:05.5347831+07:00 [INF] () {"Id":0,"Name":"string","Brand":"string","Price":0.0,"ExpireDate":"2023-09-22T00:27:03.372Z","IsActive":true,"Email":"user@example.com","UserId":0}
2023-09-22T07:27:14.2620870+07:00 [INF] () Start add new car
2023-09-22T07:28:39.9207796+07:00 [INF] () Start add new car
2023-09-22T07:28:42.5203723+07:00 [INF] () {"Id":0,"Name":"string","Brand":"string","Price":0.0,"ExpireDate":"2023-09-22T00:28:37.946Z","IsActive":true,"Email":"user@example.com","UserId":0}
2023-09-22T07:28:44.8546412+07:00 [INF] () Start add new car
2023-09-22T07:28:45.2271979+07:00 [INF] () {"Id":0,"Name":"string","Brand":"string","Price":0.0,"ExpireDate":"2023-09-22T00:28:37.946Z","IsActive":true,"Email":"user@example.com","UserId":1}
2023-09-22T07:29:23.6713471+07:00 [INF] () Start add new car
2023-09-22T07:30:14.4346962+07:00 [INF] () Start add new car
2023-09-22T07:30:36.9352852+07:00 [INF] () Start add new car
2023-09-22T07:30:39.2792726+07:00 [INF] () {"Id":0,"Name":"string","Brand":"string","Price":0.0,"ExpireDate":"2023-09-22T00:30:32.574Z","IsActive":true,"Email":"user@example.com","UserId":1}
2023-09-22T07:43:12.2124287+07:00 [INF] () Update car
2023-09-22T07:43:12.7593645+07:00 [INF] () {"Id":7,"Name":"hehe","Brand":"string","Price":2147483647.0,"ExpireDate":"2023-09-22T00:42:52.176Z","IsActive":false,"Email":"user@example.com","UserId":0,"User":{"Id":0,"Name":"string","IsActive":true}}
2023-09-22T07:43:18.0836087+07:00 [INF] () Update car
2023-09-22T07:43:18.0927084+07:00 [INF] () {"Id":7,"Name":"hehe","Brand":"string","Price":2147483647.0,"ExpireDate":"2023-09-22T00:42:52.176Z","IsActive":false,"Email":"user@example.com","UserId":1,"User":{"Id":0,"Name":"string","IsActive":true}}
2023-09-22T07:43:42.5471175+07:00 [INF] () Update car
2023-09-22T07:43:44.9018553+07:00 [INF] () {"Id":7,"Name":"hehe","Brand":"string","Price":0.0,"ExpireDate":"2023-09-22T00:43:34.628Z","IsActive":true,"Email":"user@example.com","UserId":1}
2023-09-22T07:46:07.6310193+07:00 [INF] () Update car
2023-09-22T07:46:10.3976080+07:00 [INF] () {"Id":7,"Name":"new","Brand":"string","Price":0.0,"ExpireDate":"2023-09-22T00:45:53.165Z","IsActive":true,"Email":"user@example.com","UserId":1}
2023-09-22T07:47:14.1453300+07:00 [INF] () Update car
2023-09-22T07:47:22.6107826+07:00 [INF] () Update car
2023-09-22T07:47:23.1134333+07:00 [INF] () {"Id":7,"Name":"string","Brand":"string","Price":0.0,"ExpireDate":"2023-09-22T00:47:12.829Z","IsActive":true,"Email":"user@example.com","UserId":1}
2023-09-22T07:47:27.6426462+07:00 [INF] () Update car
2023-09-22T07:47:27.6506970+07:00 [INF] () {"Id":7,"Name":"new","Brand":"string","Price":0.0,"ExpireDate":"2023-09-22T00:47:12.829Z","IsActive":true,"Email":"user@example.com","UserId":1}
2023-09-22T07:47:29.5992263+07:00 [INF] () Update car
2023-09-22T07:47:29.6068412+07:00 [INF] () {"Id":7,"Name":"new","Brand":"string","Price":0.0,"ExpireDate":"2023-09-22T00:47:12.829Z","IsActive":true,"Email":"user@example.com","UserId":1}
2023-09-22T07:48:18.5571476+07:00 [INF] () Update car
2023-09-22T07:48:20.9672458+07:00 [INF] () {"Id":8,"Name":"test","Brand":"string","Price":0.0,"ExpireDate":"2023-09-22T00:48:07.621Z","IsActive":true,"Email":"user@example.com","UserId":1}
2023-09-22T07:57:46.3882013+07:00 [INF] () Update car
2023-09-22T07:59:17.0971842+07:00 [INF] () Update car
2023-09-22T07:59:20.3043924+07:00 [INF] () {"Id":10,"Name":"ccccccccccccccccccccccccccc","Brand":"string","Price":0.0,"ExpireDate":"2023-09-22T00:59:10.189Z","IsActive":true,"Email":"user@example.com","UserId":1}
