2023-09-24T02:03:50.2264321+07:00 [INF] (Serilog.AspNetCore.RequestLoggingMiddleware) HTTP "GET" "/api/cars/get-all-cars" responded 200 in 1684.4382 ms
2023-09-24T02:03:57.6837899+07:00 [INF] (Serilog.AspNetCore.RequestLoggingMiddleware) HTTP "GET" "/api/cars/get-all-cars" responded 200 in 64.9181 ms
2023-09-24T17:04:39.3267030+07:00 [INF] (Serilog.AspNetCore.RequestLoggingMiddleware) HTTP "GET" "/api/cars/get-all-cars" responded 200 in 2505.9781 ms
2023-09-24T17:04:48.5548756+07:00 [INF] (Serilog.AspNetCore.RequestLoggingMiddleware) HTTP "GET" "/api/cars/get-car-by-id/5" responded 204 in 33.9274 ms
2023-09-24T17:04:51.4985187+07:00 [INF] (Serilog.AspNetCore.RequestLoggingMiddleware) HTTP "GET" "/api/cars/get-car-by-id/5" responded 204 in 1.4078 ms
2023-09-24T17:04:51.9939959+07:00 [INF] (Serilog.AspNetCore.RequestLoggingMiddleware) HTTP "GET" "/api/cars/get-car-by-id/5" responded 204 in 0.1435 ms
2023-09-24T17:04:57.4416000+07:00 [INF] (Serilog.AspNetCore.RequestLoggingMiddleware) HTTP "GET" "/api/cars/get-car-by-id/1" responded 204 in 0.1580 ms
2023-09-24T17:05:00.3665134+07:00 [INF] (Serilog.AspNetCore.RequestLoggingMiddleware) HTTP "GET" "/api/cars/get-car-by-id/0" responded 200 in 0.3863 ms
2023-09-24T17:06:53.3224490+07:00 [INF] (Serilog.AspNetCore.RequestLoggingMiddleware) HTTP "GET" "/api/cars/get-all-cars" responded 200 in 2860.3968 ms
2023-09-24T17:06:58.3260691+07:00 [INF] (Serilog.AspNetCore.RequestLoggingMiddleware) HTTP "GET" "/api/cars/get-all-cars" responded 200 in 61.2703 ms
2023-09-24T17:07:14.2942214+07:00 [INF] () Start add new car
2023-09-24T17:07:14.9599538+07:00 [INF] () {"Id":1,"Name":"ahihi","Brand":"string","Price":0.0,"ExpireDate":"2023-09-24T10:07:06.558Z","IsActive":true,"Email":"user@example.com","UserId":1}
2023-09-24T17:07:14.9613235+07:00 [INF] (Serilog.AspNetCore.RequestLoggingMiddleware) HTTP "POST" "/api/cars/add-car" responded 200 in 909.3509 ms
2023-09-24T17:07:19.3853893+07:00 [INF] (Serilog.AspNetCore.RequestLoggingMiddleware) HTTP "GET" "/api/cars/get-all-cars" responded 200 in 1.9070 ms
2023-09-24T17:08:03.6429011+07:00 [INF] () Start add new car
2023-09-24T17:08:03.6799055+07:00 [INF] () {"Id":0,"Name":"ahihi","Brand":"string","Price":0.0,"ExpireDate":"2023-09-24T10:07:06.558Z","IsActive":true,"Email":"user@example.com","UserId":1}
2023-09-24T17:08:03.6814694+07:00 [INF] (Serilog.AspNetCore.RequestLoggingMiddleware) HTTP "POST" "/api/cars/add-car" responded 200 in 42.7867 ms
2023-09-24T17:08:06.5771040+07:00 [INF] (Serilog.AspNetCore.RequestLoggingMiddleware) HTTP "GET" "/api/cars/get-all-cars" responded 200 in 2.2413 ms
2023-09-24T17:11:00.6112949+07:00 [INF] () Start add new car
2023-09-24T17:11:03.3058981+07:00 [INF] () {"Id":0,"Name":"string","Brand":"string","Price":0.0,"ExpireDate":"2023-09-24T10:10:57.495Z","IsActive":true,"Email":"user@example.com","UserId":0}
2023-09-24T17:11:03.3147874+07:00 [INF] (Serilog.AspNetCore.RequestLoggingMiddleware) HTTP "POST" "/api/cars/add-car" responded 200 in 2795.7948 ms
2023-09-24T17:11:05.7956660+07:00 [INF] () Start add new car
2023-09-24T17:11:06.1468890+07:00 [INF] () {"Id":0,"Name":"string","Brand":"string","Price":0.0,"ExpireDate":"2023-09-24T10:10:57.495Z","IsActive":true,"Email":"user@example.com","UserId":1}
2023-09-24T17:11:06.1480452+07:00 [INF] (Serilog.AspNetCore.RequestLoggingMiddleware) HTTP "POST" "/api/cars/add-car" responded 200 in 353.2324 ms
2023-09-24T17:11:10.1498905+07:00 [INF] (Serilog.AspNetCore.RequestLoggingMiddleware) HTTP "GET" "/api/cars/get-all-cars" responded 200 in 24.4527 ms
2023-09-24T17:11:43.7814613+07:00 [INF] (Serilog.AspNetCore.RequestLoggingMiddleware) HTTP "GET" "/api/cars/get-all-cars" responded 200 in 3.2298 ms
2023-09-24T17:11:44.4274293+07:00 [INF] (Serilog.AspNetCore.RequestLoggingMiddleware) HTTP "GET" "/api/cars/get-all-cars" responded 200 in 2.1660 ms
2023-09-24T17:11:45.3064070+07:00 [INF] (Serilog.AspNetCore.RequestLoggingMiddleware) HTTP "GET" "/api/cars/get-all-cars" responded 200 in 1.8994 ms
2023-09-24T17:11:46.9774792+07:00 [INF] (Serilog.AspNetCore.RequestLoggingMiddleware) HTTP "GET" "/api/cars/get-all-cars" responded 200 in 1.9064 ms
2023-09-24T17:11:47.6330776+07:00 [INF] (Serilog.AspNetCore.RequestLoggingMiddleware) HTTP "GET" "/api/cars/get-all-cars" responded 200 in 6.6095 ms
2023-09-24T17:11:48.2607859+07:00 [INF] (Serilog.AspNetCore.RequestLoggingMiddleware) HTTP "GET" "/api/cars/get-all-cars" responded 200 in 1.5282 ms
2023-09-24T17:11:48.6424410+07:00 [INF] (Serilog.AspNetCore.RequestLoggingMiddleware) HTTP "GET" "/api/cars/get-all-cars" responded 200 in 1.6689 ms
2023-09-24T17:11:49.1316977+07:00 [INF] (Serilog.AspNetCore.RequestLoggingMiddleware) HTTP "GET" "/api/cars/get-all-cars" responded 200 in 2.2988 ms
2023-09-24T17:11:49.5717039+07:00 [INF] (Serilog.AspNetCore.RequestLoggingMiddleware) HTTP "GET" "/api/cars/get-all-cars" responded 200 in 1.7101 ms
2023-09-24T17:12:07.5712298+07:00 [INF] () Start add new car
2023-09-24T17:12:07.5882835+07:00 [INF] () {"Id":0,"Name":"string","Brand":"string","Price":0.0,"ExpireDate":"2023-09-24T10:10:57.495Z","IsActive":true,"Email":"user@example.com","UserId":1}
2023-09-24T17:12:07.5895560+07:00 [INF] (Serilog.AspNetCore.RequestLoggingMiddleware) HTTP "POST" "/api/cars/add-car" responded 200 in 18.5888 ms
2023-09-24T17:12:14.4728434+07:00 [INF] () Start add new car
2023-09-24T17:12:14.4794754+07:00 [INF] () {"Id":0,"Name":"string","Brand":"string","Price":0.0,"ExpireDate":"2023-09-24T10:10:57.495Z","IsActive":true,"Email":"user@example.com","UserId":1}
2023-09-24T17:12:14.4807186+07:00 [INF] (Serilog.AspNetCore.RequestLoggingMiddleware) HTTP "POST" "/api/cars/add-car" responded 200 in 10.2425 ms
2023-09-24T17:12:15.4911756+07:00 [INF] () Start add new car
2023-09-24T17:12:15.5040989+07:00 [INF] () {"Id":0,"Name":"string","Brand":"string","Price":0.0,"ExpireDate":"2023-09-24T10:10:57.495Z","IsActive":true,"Email":"user@example.com","UserId":1}
2023-09-24T17:12:15.5052636+07:00 [INF] (Serilog.AspNetCore.RequestLoggingMiddleware) HTTP "POST" "/api/cars/add-car" responded 200 in 14.2423 ms
2023-09-24T17:12:16.8614690+07:00 [INF] () Start add new car
2023-09-24T17:12:16.8752329+07:00 [INF] () {"Id":0,"Name":"string","Brand":"string","Price":0.0,"ExpireDate":"2023-09-24T10:10:57.495Z","IsActive":true,"Email":"user@example.com","UserId":1}
2023-09-24T17:12:16.8758995+07:00 [INF] (Serilog.AspNetCore.RequestLoggingMiddleware) HTTP "POST" "/api/cars/add-car" responded 200 in 14.6014 ms
2023-09-24T17:12:17.4951987+07:00 [INF] () Start add new car
2023-09-24T17:12:17.5072684+07:00 [INF] () {"Id":0,"Name":"string","Brand":"string","Price":0.0,"ExpireDate":"2023-09-24T10:10:57.495Z","IsActive":true,"Email":"user@example.com","UserId":1}
2023-09-24T17:12:17.5084831+07:00 [INF] (Serilog.AspNetCore.RequestLoggingMiddleware) HTTP "POST" "/api/cars/add-car" responded 200 in 13.4648 ms
2023-09-24T17:12:18.1222537+07:00 [INF] () Start add new car
2023-09-24T17:12:18.1277412+07:00 [INF] () {"Id":0,"Name":"string","Brand":"string","Price":0.0,"ExpireDate":"2023-09-24T10:10:57.495Z","IsActive":true,"Email":"user@example.com","UserId":1}
2023-09-24T17:12:18.1283900+07:00 [INF] (Serilog.AspNetCore.RequestLoggingMiddleware) HTTP "POST" "/api/cars/add-car" responded 200 in 6.2689 ms
2023-09-24T17:12:18.7187942+07:00 [INF] () Start add new car
2023-09-24T17:12:18.7285883+07:00 [INF] () {"Id":0,"Name":"string","Brand":"string","Price":0.0,"ExpireDate":"2023-09-24T10:10:57.495Z","IsActive":true,"Email":"user@example.com","UserId":1}
2023-09-24T17:12:18.7300557+07:00 [INF] (Serilog.AspNetCore.RequestLoggingMiddleware) HTTP "POST" "/api/cars/add-car" responded 200 in 11.4422 ms
2023-09-24T17:12:25.0693685+07:00 [INF] (Serilog.AspNetCore.RequestLoggingMiddleware) HTTP "GET" "/api/cars/get-all-cars" responded 200 in 2.4035 ms
2023-09-24T17:12:29.9655951+07:00 [INF] () Start add new car
2023-09-24T17:12:29.9749207+07:00 [INF] () {"Id":0,"Name":"string","Brand":"string","Price":0.0,"ExpireDate":"2023-09-24T10:10:57.495Z","IsActive":true,"Email":"user@example.com","UserId":1}
2023-09-24T17:12:29.9755658+07:00 [INF] (Serilog.AspNetCore.RequestLoggingMiddleware) HTTP "POST" "/api/cars/add-car" responded 200 in 10.1616 ms
2023-09-24T17:12:32.2383045+07:00 [INF] (Serilog.AspNetCore.RequestLoggingMiddleware) HTTP "GET" "/api/cars/get-all-cars" responded 200 in 2.0393 ms
2023-09-24T17:13:30.5833212+07:00 [INF] () Start add new car
2023-09-24T17:13:30.5938912+07:00 [INF] () {"Id":0,"Name":"string","Brand":"string","Price":0.0,"ExpireDate":"2023-09-24T10:10:57.495Z","IsActive":true,"Email":"user@example.com","UserId":1}
2023-09-24T17:13:30.5953813+07:00 [INF] (Serilog.AspNetCore.RequestLoggingMiddleware) HTTP "POST" "/api/cars/add-car" responded 200 in 12.2175 ms
2023-09-24T17:13:33.9691889+07:00 [INF] (Serilog.AspNetCore.RequestLoggingMiddleware) HTTP "GET" "/api/cars/get-all-cars" responded 200 in 1.9572 ms
2023-09-24T17:14:37.4222535+07:00 [INF] (Serilog.AspNetCore.RequestLoggingMiddleware) HTTP "GET" "/api/cars/get-all-cars" responded 200 in 1360.1796 ms
2023-09-24T17:16:29.2931185+07:00 [INF] (Serilog.AspNetCore.RequestLoggingMiddleware) HTTP "GET" "/api/cars/get-all-cars" responded 401 in 9.8172 ms
2023-09-24T17:16:48.3331855+07:00 [INF] (Serilog.AspNetCore.RequestLoggingMiddleware) HTTP "GET" "/api/cars/get-all-cars" responded 401 in 12.3500 ms
2023-09-24T17:16:56.1669288+07:00 [INF] (Serilog.AspNetCore.RequestLoggingMiddleware) HTTP "GET" "/api/cars/get-all-cars" responded 200 in 2014.3703 ms
2023-09-24T17:17:01.9707256+07:00 [INF] (Serilog.AspNetCore.RequestLoggingMiddleware) HTTP "GET" "/api/cars/get-all-cars" responded 401 in 0.1472 ms
2023-09-24T17:17:05.6762236+07:00 [INF] (Serilog.AspNetCore.RequestLoggingMiddleware) HTTP "GET" "/api/cars/get-all-cars" responded 401 in 0.1469 ms
2023-09-24T17:17:08.8079685+07:00 [INF] (Serilog.AspNetCore.RequestLoggingMiddleware) HTTP "GET" "/api/cars/get-all-cars" responded 200 in 89.4900 ms
2023-09-24T17:17:28.3031059+07:00 [INF] (Serilog.AspNetCore.RequestLoggingMiddleware) HTTP "GET" "/api/cars/get-all-cars" responded 200 in 12.1044 ms
2023-09-24T17:17:29.4887444+07:00 [INF] (Serilog.AspNetCore.RequestLoggingMiddleware) HTTP "GET" "/api/cars/get-all-cars" responded 200 in 1.5300 ms
2023-09-24T17:17:31.1279323+07:00 [INF] (Serilog.AspNetCore.RequestLoggingMiddleware) HTTP "GET" "/api/cars/get-all-cars" responded 401 in 0.1530 ms
2023-09-24T17:17:34.5438511+07:00 [INF] (Serilog.AspNetCore.RequestLoggingMiddleware) HTTP "GET" "/api/cars/get-all-cars" responded 200 in 1.8177 ms
2023-09-24T17:17:45.1917702+07:00 [INF] (Serilog.AspNetCore.RequestLoggingMiddleware) HTTP "GET" "/api/cars/get-all-cars" responded 200 in 2.0331 ms
2023-09-24T17:17:53.2520802+07:00 [INF] () Start add new car
2023-09-24T17:17:53.6924618+07:00 [INF] () {"Id":0,"Name":"string","Brand":"string","Price":0.0,"ExpireDate":"2023-09-24T10:17:51.604Z","IsActive":true,"Email":"user@example.com","UserId":0}
2023-09-24T17:17:53.6935631+07:00 [INF] (Serilog.AspNetCore.RequestLoggingMiddleware) HTTP "POST" "/api/cars/add-car" responded 200 in 518.8674 ms
